{
  "stats": {
    "suites": 1,
    "tests": 1,
    "passes": 1,
    "pending": 0,
    "failures": 0,
    "start": "2024-06-01T14:17:50.472Z",
    "end": "2024-06-01T14:17:54.507Z",
    "duration": 4035,
    "testsRegistered": 1,
    "passPercent": 100,
    "pendingPercent": 0,
    "other": 0,
    "hasOther": false,
    "skipped": 0,
    "hasSkipped": false
  },
  "results": [
    {
      "uuid": "63dde949-de4a-469a-bff1-ee65fdc0ad3f",
      "title": "",
      "fullFile": "cypress/e2e/customerPurchasesProducts.cy.js",
      "file": "cypress/e2e/customerPurchasesProducts.cy.js",
      "beforeHooks": [],
      "afterHooks": [],
      "tests": [],
      "suites": [
        {
          "uuid": "71bdffd1-f286-4fee-8c55-0aecb8fc3596",
          "title": "Test Customer purchases products",
          "fullFile": "",
          "file": "",
          "beforeHooks": [],
          "afterHooks": [],
          "tests": [
            {
              "title": "When the customer adds multiple products to the shopping cart , And proceeds to checkout the purchase, Then purchase is successful",
              "fullTitle": "Test Customer purchases products When the customer adds multiple products to the shopping cart , And proceeds to checkout the purchase, Then purchase is successful",
              "timedOut": null,
              "duration": 3995,
              "state": "passed",
              "speed": "fast",
              "pass": true,
              "fail": false,
              "pending": false,
              "context": null,
              "code": "productPage.addProductSauceLabsBackpack.click();\nproductPage.verifyCartCount('1');\nproductPage.addProductSauceLabsBikeLight.click();\nproductPage.addBikeLightToCart;\nproductPage.verifyCartCount('2');\n// And proceeds to checkout the purchase\nproductPage.cartBadge.scrollIntoView().click();\nproductPage.checkOutButton.click();\n//Then purchase is successful\ncheckoutPage.setUpAddress('James', 'Dong', '2345');\ncheckoutPage.continueButton.click();\ncheckoutPage.finishButton.scrollIntoView().click();\ncheckoutPage.orderSuccessMessage.should('be.visible');",
              "err": {},
              "uuid": "a4025185-fa60-4ffb-868a-77b4bc95befd",
              "parentUUID": "71bdffd1-f286-4fee-8c55-0aecb8fc3596",
              "isHook": false,
              "skipped": false
            }
          ],
          "suites": [],
          "passes": [
            "a4025185-fa60-4ffb-868a-77b4bc95befd"
          ],
          "failures": [],
          "pending": [],
          "skipped": [],
          "duration": 3995,
          "root": false,
          "rootEmpty": false,
          "_timeout": 2000
        }
      ],
      "passes": [],
      "failures": [],
      "pending": [],
      "skipped": [],
      "duration": 0,
      "root": true,
      "rootEmpty": true,
      "_timeout": 2000
    }
  ],
  "meta": {
    "mocha": {
      "version": "7.0.1"
    },
    "mochawesome": {
      "options": {
        "quiet": false,
        "reportFilename": "mochawesome",
        "saveHtml": false,
        "saveJson": true,
        "consoleReporter": "spec",
        "useInlineDiffs": false,
        "code": true
      },
      "version": "7.1.3"
    },
    "marge": {
      "options": {
        "reportDir": "cypress/reports/.jsons",
        "overwrite": false,
        "html": false,
        "json": true
      },
      "version": "6.2.0"
    }
  }
}